<?xml version="1.0" encoding="UTF-8"?>
<!-- Generated by org.testng.reporters.JUnitReportReporter -->
<testsuite hostname="DESKTOP-HAASLH3" failures="0" tests="3" name="testCases.Search_TC" time="3.988" errors="0" timestamp="2025-01-28T17:43:14 IST" skipped="0">
  <testcase classname="testCases.Search_TC" name="VerifyStockPrice" time="3.303"/>
  <system-out/>
  <testcase classname="testCases.Search_TC" name="search" time="0.627"/>
  <system-out/>
  <testcase classname="testCases.Search_TC" name="VerifyStockName" time="0.058"/>
  <system-out/>
</testsuite> <!-- testCases.Search_TC -->
